<?xml version="1.0" encoding="UTF-8" ?>
<testsuite errors="0" failures="0" hostname="LAPTOP-KLK11PTR" name="AreaCheckingTest" skipped="0" tests="8" time="0.063" timestamp="2022-05-19T17:28:48">
  <properties>
[...]
</properties>
  <testcase classname="AreaCheckingTest" name="checkInTriangle" time="0.004" />
  <testcase classname="AreaCheckingTest" name="checkOutOfCircle" time="0.0" />
  <testcase classname="AreaCheckingTest" name="checkOutOfArea" time="0.0" />
  <testcase classname="AreaCheckingTest" name="checkInArea" time="0.0" />
  <testcase classname="AreaCheckingTest" name="checkOutOfRectangle" time="0.001" />
  <testcase classname="AreaCheckingTest" name="checkOutOfTriangle" time="0.0" />
  <testcase classname="AreaCheckingTest" name="checkInCircle" time="0.0" />
  <testcase classname="AreaCheckingTest" name="checkInRectangle" time="0.0" />
  <system-out><![CDATA[---Start testing DataChecking---
]]></system-out>
  <system-err><![CDATA[]]></system-err>
</testsuite>
